# JRE version: Java(TM) SE Runtime Environment (17.0.11+7) (build 17.0.11+7-LTS-207)
# Java VM: Java HotSpot(TM) 64-Bit Server VM (17.0.11+7-LTS-207, mixed mode, sharing, tiered, compressed oops, compressed class ptrs, g1 gc, windows-amd64)
GC Precious Log:
 CPUs: 2 total, 2 available
 Memory: 8084M
 Large Page Support: Disabled
 NUMA Support: Disabled
 Compressed Oops: Enabled (32-bit)
 Heap Region Size: 1M
 Heap Min Capacity: 8M
 Heap Initial Capacity: 128M
 Heap Max Capacity: 2G
 Pre-touch: Disabled
 Parallel Workers: 2
 Concurrent Workers: 1
 Concurrent Refinement Workers: 2
 Periodic GC: Disabled
Heap:
 garbage-first heap   total 322560K, used 212477K [0x0000000080000000, 0x0000000100000000)
  region size 1024K, 7 young (7168K), 7 survivors (7168K)
 Metaspace       used 102309K, committed 103616K, reserved 557056K
  class space    used 14142K, committed 14784K, reserved 425984K
GC Heap History (20 events):
Event: 61.021 GC heap after
{Heap after GC invocations=52 (full 0):
 garbage-first heap   total 314368K, used 122365K [0x0000000080000000, 0x0000000100000000)
  region size 1024K, 1 young (1024K), 1 survivors (1024K)
 Metaspace       used 88180K, committed 89152K, reserved 557056K
  class space    used 12194K, committed 12608K, reserved 425984K
}
Event: 62.151 GC heap before
{Heap before GC invocations=52 (full 0):
 garbage-first heap   total 314368K, used 161277K [0x0000000080000000, 0x0000000100000000)
  region size 1024K, 40 young (40960K), 1 survivors (1024K)
 Metaspace       used 89060K, committed 90048K, reserved 557056K
  class space    used 12326K, committed 12800K, reserved 425984K
}
Event: 62.166 GC heap after
{Heap after GC invocations=53 (full 0):
 garbage-first heap   total 314368K, used 130557K [0x0000000080000000, 0x0000000100000000)
  region size 1024K, 9 young (9216K), 9 survivors (9216K)
 Metaspace       used 89060K, committed 90048K, reserved 557056K
  class space    used 12326K, committed 12800K, reserved 425984K
}
Event: 64.810 GC heap before
{Heap before GC invocations=54 (full 0):
 garbage-first heap   total 314368K, used 227837K [0x0000000080000000, 0x0000000100000000)
  region size 1024K, 101 young (103424K), 9 survivors (9216K)
 Metaspace       used 94087K, committed 95232K, reserved 557056K
  class space    used 13013K, committed 13568K, reserved 425984K
}
Event: 64.831 GC heap after
{Heap after GC invocations=55 (full 0):
 garbage-first heap   total 314368K, used 145727K [0x0000000080000000, 0x0000000100000000)
  region size 1024K, 12 young (12288K), 12 survivors (12288K)
 Metaspace       used 94087K, committed 95232K, reserved 557056K
  class space    used 13013K, committed 13568K, reserved 425984K
}
Event: 64.854 GC heap before
{Heap before GC invocations=55 (full 0):
 garbage-first heap   total 314368K, used 148799K [0x0000000080000000, 0x0000000100000000)
  region size 1024K, 15 young (15360K), 12 survivors (12288K)
 Metaspace       used 94223K, committed 95360K, reserved 557056K
  class space    used 13033K, committed 13568K, reserved 425984K
}
Event: 64.872 GC heap after
{Heap after GC invocations=56 (full 0):
 garbage-first heap   total 314368K, used 144381K [0x0000000080000000, 0x0000000100000000)
  region size 1024K, 1 young (1024K), 1 survivors (1024K)
 Metaspace       used 94223K, committed 95360K, reserved 557056K
  class space    used 13033K, committed 13568K, reserved 425984K
}
Event: 65.629 GC heap before
{Heap before GC invocations=56 (full 0):
 garbage-first heap   total 314368K, used 235517K [0x0000000080000000, 0x0000000100000000)
  region size 1024K, 90 young (92160K), 1 survivors (1024K)
 Metaspace       used 96463K, committed 97664K, reserved 557056K
  class space    used 13321K, committed 13888K, reserved 425984K
}
Event: 65.650 GC heap after
{Heap after GC invocations=57 (full 0):
 garbage-first heap   total 314368K, used 156669K [0x0000000080000000, 0x0000000100000000)
  region size 1024K, 12 young (12288K), 12 survivors (12288K)
 Metaspace       used 96463K, committed 97664K, reserved 557056K
  class space    used 13321K, committed 13888K, reserved 425984K
}
Event: 68.368 GC heap before
{Heap before GC invocations=58 (full 0):
 garbage-first heap   total 314368K, used 246781K [0x0000000080000000, 0x0000000100000000)
  region size 1024K, 96 young (98304K), 12 survivors (12288K)
 Metaspace       used 97406K, committed 98688K, reserved 557056K
  class space    used 13461K, committed 14080K, reserved 425984K
}
Event: 68.405 GC heap after
{Heap after GC invocations=59 (full 0):
 garbage-first heap   total 314368K, used 183761K [0x0000000080000000, 0x0000000100000000)
  region size 1024K, 12 young (12288K), 12 survivors (12288K)
 Metaspace       used 97406K, committed 98688K, reserved 557056K
  class space    used 13461K, committed 14080K, reserved 425984K
}
Event: 68.483 GC heap before
{Heap before GC invocations=59 (full 0):
 garbage-first heap   total 314368K, used 185809K [0x0000000080000000, 0x0000000100000000)
  region size 1024K, 15 young (15360K), 12 survivors (12288K)
 Metaspace       used 97406K, committed 98688K, reserved 557056K
  class space    used 13461K, committed 14080K, reserved 425984K
}
Event: 68.508 GC heap after
{Heap after GC invocations=60 (full 0):
 garbage-first heap   total 314368K, used 184317K [0x0000000080000000, 0x0000000100000000)
  region size 1024K, 2 young (2048K), 2 survivors (2048K)
 Metaspace       used 97406K, committed 98688K, reserved 557056K
  class space    used 13461K, committed 14080K, reserved 425984K
}
Event: 68.536 GC heap before
{Heap before GC invocations=60 (full 0):
 garbage-first heap   total 314368K, used 186365K [0x0000000080000000, 0x0000000100000000)
  region size 1024K, 5 young (5120K), 2 survivors (2048K)
 Metaspace       used 97419K, committed 98688K, reserved 557056K
  class space    used 13463K, committed 14080K, reserved 425984K
}
Event: 68.539 GC heap after
{Heap after GC invocations=61 (full 0):
 garbage-first heap   total 314368K, used 184441K [0x0000000080000000, 0x0000000100000000)
  region size 1024K, 2 young (2048K), 2 survivors (2048K)
 Metaspace       used 97419K, committed 98688K, reserved 557056K
  class space    used 13463K, committed 14080K, reserved 425984K
}
Event: 70.768 GC heap before
{Heap before GC invocations=62 (full 0):
 garbage-first heap   total 314368K, used 249977K [0x0000000080000000, 0x0000000100000000)
  region size 1024K, 62 young (63488K), 2 survivors (2048K)
 Metaspace       used 100931K, committed 102208K, reserved 557056K
  class space    used 13975K, committed 14592K, reserved 425984K
}
Event: 70.783 GC heap after
{Heap after GC invocations=63 (full 0):
 garbage-first heap   total 314368K, used 197245K [0x0000000080000000, 0x0000000100000000)
  region size 1024K, 8 young (8192K), 8 survivors (8192K)
 Metaspace       used 100931K, committed 102208K, reserved 557056K
  class space    used 13975K, committed 14592K, reserved 425984K
}
Event: 70.847 GC heap before
{Heap before GC invocations=63 (full 0):
 garbage-first heap   total 314368K, used 204413K [0x0000000080000000, 0x0000000100000000)
  region size 1024K, 15 young (15360K), 8 survivors (8192K)
 Metaspace       used 101262K, committed 102592K, reserved 557056K
  class space    used 14021K, committed 14656K, reserved 425984K
}
Event: 70.867 GC heap after
{Heap after GC invocations=64 (full 0):
 garbage-first heap   total 314368K, used 196578K [0x0000000080000000, 0x0000000100000000)
  region size 1024K, 1 young (1024K), 1 survivors (1024K)
 Metaspace       used 101262K, committed 102592K, reserved 557056K
  class space    used 14021K, committed 14656K, reserved 425984K
}
Event: 71.733 GC heap before
{Heap before GC invocations=64 (full 0):
 garbage-first heap   total 314368K, used 252898K [0x0000000080000000, 0x0000000100000000)
  region size 1024K, 56 young (57344K), 1 survivors (1024K)
 Metaspace       used 102309K, committed 103616K, reserved 557056K
  class space    used 14142K, committed 14784K, reserved 425984K
}

