# JRE version: Java(TM) SE Runtime Environment (17.0.11+7) (build 17.0.11+7-LTS-207)
# Java VM: Java HotSpot(TM) 64-Bit Server VM (17.0.11+7-LTS-207, mixed mode, sharing, tiered, compressed oops, compressed class ptrs, g1 gc, windows-amd64)
GC Precious Log:
 CPUs: 2 total, 2 available
 Memory: 8084M
 Large Page Support: Disabled
 NUMA Support: Disabled
 Compressed Oops: Enabled (32-bit)
 Heap Region Size: 1M
 Heap Min Capacity: 8M
 Heap Initial Capacity: 128M
 Heap Max Capacity: 2G
 Pre-touch: Disabled
 Parallel Workers: 2
 Concurrent Workers: 1
 Concurrent Refinement Workers: 2
 Periodic GC: Disabled
Heap:
 garbage-first heap   total 583680K, used 359965K [0x0000000080000000, 0x0000000100000000)
  region size 1024K, 19 young (19456K), 3 survivors (3072K)
 Metaspace       used 112114K, committed 113792K, reserved 557056K
  class space    used 15263K, committed 16064K, reserved 425984K
GC Heap History (20 events):
Event: 158.794 GC heap before
{Heap before GC invocations=77 (full 0):
 garbage-first heap   total 400384K, used 359107K [0x0000000080000000, 0x0000000100000000)
  region size 1024K, 19 young (19456K), 3 survivors (3072K)
 Metaspace       used 111863K, committed 113600K, reserved 557056K
  class space    used 15252K, committed 16064K, reserved 425984K
}
Event: 158.800 GC heap after
{Heap after GC invocations=78 (full 0):
 garbage-first heap   total 400384K, used 342153K [0x0000000080000000, 0x0000000100000000)
  region size 1024K, 3 young (3072K), 3 survivors (3072K)
 Metaspace       used 111863K, committed 113600K, reserved 557056K
  class space    used 15252K, committed 16064K, reserved 425984K
}
Event: 159.273 GC heap before
{Heap before GC invocations=78 (full 0):
 garbage-first heap   total 400384K, used 357513K [0x0000000080000000, 0x0000000100000000)
  region size 1024K, 19 young (19456K), 3 survivors (3072K)
 Metaspace       used 111871K, committed 113600K, reserved 557056K
  class space    used 15252K, committed 16064K, reserved 425984K
}
Event: 159.278 GC heap after
{Heap after GC invocations=79 (full 0):
 garbage-first heap   total 400384K, used 341634K [0x0000000080000000, 0x0000000100000000)
  region size 1024K, 3 young (3072K), 3 survivors (3072K)
 Metaspace       used 111871K, committed 113600K, reserved 557056K
  class space    used 15252K, committed 16064K, reserved 425984K
}
Event: 159.744 GC heap before
{Heap before GC invocations=79 (full 0):
 garbage-first heap   total 400384K, used 356994K [0x0000000080000000, 0x0000000100000000)
  region size 1024K, 19 young (19456K), 3 survivors (3072K)
 Metaspace       used 111880K, committed 113600K, reserved 557056K
  class space    used 15252K, committed 16064K, reserved 425984K
}
Event: 159.748 GC heap after
{Heap after GC invocations=80 (full 0):
 garbage-first heap   total 400384K, used 342909K [0x0000000080000000, 0x0000000100000000)
  region size 1024K, 3 young (3072K), 3 survivors (3072K)
 Metaspace       used 111880K, committed 113600K, reserved 557056K
  class space    used 15252K, committed 16064K, reserved 425984K
}
Event: 160.427 GC heap before
{Heap before GC invocations=80 (full 0):
 garbage-first heap   total 400384K, used 363389K [0x0000000080000000, 0x0000000100000000)
  region size 1024K, 19 young (19456K), 3 survivors (3072K)
 Metaspace       used 111883K, committed 113600K, reserved 557056K
  class space    used 15252K, committed 16064K, reserved 425984K
}
Event: 160.439 GC heap after
{Heap after GC invocations=81 (full 0):
 garbage-first heap   total 400384K, used 344266K [0x0000000080000000, 0x0000000100000000)
  region size 1024K, 3 young (3072K), 3 survivors (3072K)
 Metaspace       used 111883K, committed 113600K, reserved 557056K
  class space    used 15252K, committed 16064K, reserved 425984K
}
Event: 160.759 GC heap before
{Heap before GC invocations=81 (full 0):
 garbage-first heap   total 400384K, used 363722K [0x0000000080000000, 0x0000000100000000)
  region size 1024K, 19 young (19456K), 3 survivors (3072K)
 Metaspace       used 111895K, committed 113664K, reserved 557056K
  class space    used 15253K, committed 16064K, reserved 425984K
}
Event: 160.765 GC heap after
{Heap after GC invocations=82 (full 0):
 garbage-first heap   total 400384K, used 346107K [0x0000000080000000, 0x0000000100000000)
  region size 1024K, 3 young (3072K), 3 survivors (3072K)
 Metaspace       used 111895K, committed 113664K, reserved 557056K
  class space    used 15253K, committed 16064K, reserved 425984K
}
Event: 161.502 GC heap before
{Heap before GC invocations=82 (full 0):
 garbage-first heap   total 400384K, used 361467K [0x0000000080000000, 0x0000000100000000)
  region size 1024K, 19 young (19456K), 3 survivors (3072K)
 Metaspace       used 111959K, committed 113664K, reserved 557056K
  class space    used 15253K, committed 16064K, reserved 425984K
}
Event: 161.509 GC heap after
{Heap after GC invocations=83 (full 0):
 garbage-first heap   total 400384K, used 347967K [0x0000000080000000, 0x0000000100000000)
  region size 1024K, 2 young (2048K), 2 survivors (2048K)
 Metaspace       used 111959K, committed 113664K, reserved 557056K
  class space    used 15253K, committed 16064K, reserved 425984K
}
Event: 161.838 GC heap before
{Heap before GC invocations=83 (full 0):
 garbage-first heap   total 400384K, used 364351K [0x0000000080000000, 0x0000000100000000)
  region size 1024K, 19 young (19456K), 2 survivors (2048K)
 Metaspace       used 112042K, committed 113728K, reserved 557056K
  class space    used 15256K, committed 16064K, reserved 425984K
}
Event: 161.845 GC heap after
{Heap after GC invocations=84 (full 0):
 garbage-first heap   total 400384K, used 350468K [0x0000000080000000, 0x0000000100000000)
  region size 1024K, 3 young (3072K), 3 survivors (3072K)
 Metaspace       used 112042K, committed 113728K, reserved 557056K
  class space    used 15256K, committed 16064K, reserved 425984K
}
Event: 162.148 GC heap before
{Heap before GC invocations=84 (full 0):
 garbage-first heap   total 400384K, used 365828K [0x0000000080000000, 0x0000000100000000)
  region size 1024K, 19 young (19456K), 3 survivors (3072K)
 Metaspace       used 112083K, committed 113792K, reserved 557056K
  class space    used 15260K, committed 16064K, reserved 425984K
}
Event: 162.156 GC heap after
{Heap after GC invocations=85 (full 0):
 garbage-first heap   total 400384K, used 352985K [0x0000000080000000, 0x0000000100000000)
  region size 1024K, 3 young (3072K), 3 survivors (3072K)
 Metaspace       used 112083K, committed 113792K, reserved 557056K
  class space    used 15260K, committed 16064K, reserved 425984K
}
Event: 162.337 GC heap before
{Heap before GC invocations=85 (full 0):
 garbage-first heap   total 400384K, used 368345K [0x0000000080000000, 0x0000000100000000)
  region size 1024K, 19 young (19456K), 3 survivors (3072K)
 Metaspace       used 112099K, committed 113792K, reserved 557056K
  class space    used 15261K, committed 16064K, reserved 425984K
}
Event: 162.357 GC heap after
{Heap after GC invocations=86 (full 0):
 garbage-first heap   total 400384K, used 354712K [0x0000000080000000, 0x0000000100000000)
  region size 1024K, 3 young (3072K), 3 survivors (3072K)
 Metaspace       used 112099K, committed 113792K, reserved 557056K
  class space    used 15261K, committed 16064K, reserved 425984K
}
Event: 163.303 GC heap before
{Heap before GC invocations=87 (full 0):
 garbage-first heap   total 583680K, used 367000K [0x0000000080000000, 0x0000000100000000)
  region size 1024K, 28 young (28672K), 3 survivors (3072K)
 Metaspace       used 112108K, committed 113792K, reserved 557056K
  class space    used 15263K, committed 16064K, reserved 425984K
}
Event: 163.312 GC heap after
{Heap after GC invocations=88 (full 0):
 garbage-first heap   total 583680K, used 344605K [0x0000000080000000, 0x0000000100000000)
  region size 1024K, 3 young (3072K), 3 survivors (3072K)
 Metaspace       used 112108K, committed 113792K, reserved 557056K
  class space    used 15263K, committed 16064K, reserved 425984K
}

